<?xml version="1.0" encoding="UTF-8"?>
<testsuite name="steps.Runner" tests="0" skipped="0" failures="0" errors="0" timestamp="1970-01-01T00:00:00" hostname="DESKTOP-K8CNU04" time="0.0">
  <properties/>
  <system-out><![CDATA[#language: pt
# encoding: utf8
Funcionalidade: consulta

  Cenario: Consultar Ovo de Pascoa                            ?[90m# Post.feature:6?[0m
    ?[32mDado ?[0m?[32mque acesso a Wikipedia em Portugues?[0m                  ?[90m# Post.queAcessoAWikipediaEmPortugues()?[0m
    ?[32mQuando ?[0m?[32mpesquiso por "?[0m?[32m?[1mOvo de Páscoa?[0m?[32m"?[0m                       ?[90m# Post.pesquisoPor(String)?[0m
    ?[32mEntao ?[0m?[32mExibe a expressao "?[0m?[32m?[1mOvo de Páscoa?[0m?[32m" no titulo da guia?[0m ?[90m# Post.exibeAExpressaoNoTituloDaGuia(String)?[0m

1 Scenarios (?[32m1 passed?[0m)
3 Steps (?[32m3 passed?[0m)
0m8,796s

]]></system-out>
  <system-err><![CDATA[]]></system-err>
</testsuite>
